2016-05-11 00:20:11,349 [Worker-13] INFO  o.e.m.c.i.l.LifecycleMappingFactory - Using org.eclipse.m2e.jdt.JarLifecycleMapping lifecycle mapping for MavenProject: ba.unsa.etf.si:TelefonskeNarudzbe:0.0.1-SNAPSHOT @ C:\Users\Admira\Desktop\NarudzbeSI\TelefonskeNarudzbe\pom.xml.
2016-05-11 00:20:11,349 [Worker-17] INFO  o.e.m.c.i.l.LifecycleMappingFactory - Using org.eclipse.m2e.jdt.JarLifecycleMapping lifecycle mapping for MavenProject: ba.unsa.etf.si:TelefonskeNarudzbe:0.0.1-SNAPSHOT @ C:\Users\Admira\Desktop\NarudzbeSI\TelefonskeNarudzbe\pom.xml.
2016-05-11 00:20:13,928 [Worker-13] INFO  o.e.m.c.i.embedder.EclipseLogger - Using 'UTF-8' encoding to copy filtered resources.
2016-05-11 00:20:13,953 [Worker-13] INFO  o.e.m.c.i.embedder.EclipseLogger - Copying 8 resources
2016-05-11 00:20:14,013 [Worker-13] INFO  o.e.m.c.i.embedder.EclipseLogger - Using 'UTF-8' encoding to copy filtered resources.
2016-05-11 00:20:14,013 [Worker-13] INFO  o.e.m.c.i.embedder.EclipseLogger - skip non existing resourceDirectory C:\Users\Admira\Desktop\NarudzbeSI\TelefonskeNarudzbe\src\test\resources
2016-05-11 00:20:16,686 [Worker-22] INFO  o.e.m.c.i.l.LifecycleMappingFactory - Using org.eclipse.m2e.jdt.JarLifecycleMapping lifecycle mapping for MavenProject: ba.unsa.etf.si:TelefonskeNarudzbe:0.0.1-SNAPSHOT @ C:\Users\Admira\Desktop\NarudzbeSI\TelefonskeNarudzbe\pom.xml.
2016-05-11 00:20:19,020 [Worker-18] INFO  o.e.m.c.i.embedder.EclipseLogger - Using 'UTF-8' encoding to copy filtered resources.
2016-05-11 00:20:19,029 [Worker-18] INFO  o.e.m.c.i.embedder.EclipseLogger - Copying 8 resources
2016-05-11 00:20:19,076 [Worker-18] INFO  o.e.m.c.i.embedder.EclipseLogger - Using 'UTF-8' encoding to copy filtered resources.
2016-05-11 00:20:19,076 [Worker-18] INFO  o.e.m.c.i.embedder.EclipseLogger - skip non existing resourceDirectory C:\Users\Admira\Desktop\NarudzbeSI\TelefonskeNarudzbe\src\test\resources
2016-05-11 00:20:23,627 [Worker-20] INFO  o.e.m.c.i.embedder.EclipseLogger - Using 'UTF-8' encoding to copy filtered resources.
2016-05-11 00:20:23,627 [Worker-20] INFO  o.e.m.c.i.embedder.EclipseLogger - Copying 0 resource
2016-05-11 00:20:23,634 [Worker-20] INFO  o.e.m.c.i.embedder.EclipseLogger - Using 'UTF-8' encoding to copy filtered resources.
2016-05-11 00:20:23,634 [Worker-20] INFO  o.e.m.c.i.embedder.EclipseLogger - skip non existing resourceDirectory C:\Users\Admira\Desktop\NarudzbeSI\TelefonskeNarudzbe\src\test\resources
2016-05-11 00:20:28,587 [main] INFO  c.g.t.t.d.PublishedGradleVersions - Gradle version information cache file is not out-of-date. No remote download required.
2016-05-11 00:26:27,884 [Worker-5] INFO  o.e.m.c.i.embedder.EclipseLogger - Using 'UTF-8' encoding to copy filtered resources.
2016-05-11 00:26:27,887 [Worker-5] INFO  o.e.m.c.i.embedder.EclipseLogger - Copying 8 resources
2016-05-11 00:26:27,895 [Worker-5] INFO  o.e.m.c.i.embedder.EclipseLogger - Using 'UTF-8' encoding to copy filtered resources.
2016-05-11 00:26:27,895 [Worker-5] INFO  o.e.m.c.i.embedder.EclipseLogger - skip non existing resourceDirectory C:\Users\Admira\Desktop\NarudzbeSI\TelefonskeNarudzbe\src\test\resources
2016-05-11 00:26:40,114 [Worker-25] INFO  o.e.m.c.i.embedder.EclipseLogger - Using 'UTF-8' encoding to copy filtered resources.
2016-05-11 00:26:40,124 [Worker-25] INFO  o.e.m.c.i.embedder.EclipseLogger - Copying 8 resources
2016-05-11 00:26:40,147 [Worker-25] INFO  o.e.m.c.i.embedder.EclipseLogger - Using 'UTF-8' encoding to copy filtered resources.
2016-05-11 00:26:40,148 [Worker-25] INFO  o.e.m.c.i.embedder.EclipseLogger - skip non existing resourceDirectory C:\Users\Admira\Desktop\NarudzbeSI\TelefonskeNarudzbe\src\test\resources
2016-05-11 00:27:09,713 [Worker-26] INFO  o.e.m.c.i.embedder.EclipseLogger - Using 'UTF-8' encoding to copy filtered resources.
2016-05-11 00:27:09,715 [Worker-26] INFO  o.e.m.c.i.embedder.EclipseLogger - Copying 8 resources
2016-05-11 00:27:09,719 [Worker-26] INFO  o.e.m.c.i.embedder.EclipseLogger - Using 'UTF-8' encoding to copy filtered resources.
2016-05-11 00:27:09,719 [Worker-26] INFO  o.e.m.c.i.embedder.EclipseLogger - skip non existing resourceDirectory C:\Users\Admira\Desktop\NarudzbeSI\TelefonskeNarudzbe\src\test\resources
2016-05-11 00:27:16,093 [Worker-7] INFO  o.e.m.c.i.embedder.EclipseLogger - Using 'UTF-8' encoding to copy filtered resources.
2016-05-11 00:27:16,147 [Worker-7] INFO  o.e.m.c.i.embedder.EclipseLogger - Copying 8 resources
2016-05-11 00:27:16,162 [Worker-7] INFO  o.e.m.c.i.embedder.EclipseLogger - Using 'UTF-8' encoding to copy filtered resources.
2016-05-11 00:27:16,162 [Worker-7] INFO  o.e.m.c.i.embedder.EclipseLogger - skip non existing resourceDirectory C:\Users\Admira\Desktop\NarudzbeSI\TelefonskeNarudzbe\src\test\resources
2016-05-11 00:34:27,356 [Worker-30] INFO  o.e.m.c.i.embedder.EclipseLogger - Using 'UTF-8' encoding to copy filtered resources.
2016-05-11 00:34:27,359 [Worker-30] INFO  o.e.m.c.i.embedder.EclipseLogger - Copying 8 resources
2016-05-11 00:34:27,365 [Worker-30] INFO  o.e.m.c.i.embedder.EclipseLogger - Using 'UTF-8' encoding to copy filtered resources.
2016-05-11 00:34:27,365 [Worker-30] INFO  o.e.m.c.i.embedder.EclipseLogger - skip non existing resourceDirectory C:\Users\Admira\Desktop\NarudzbeSI\TelefonskeNarudzbe\src\test\resources
2016-05-11 00:34:45,766 [Worker-7] INFO  o.e.m.c.i.embedder.EclipseLogger - Using 'UTF-8' encoding to copy filtered resources.
2016-05-11 00:34:45,775 [Worker-7] INFO  o.e.m.c.i.embedder.EclipseLogger - Copying 8 resources
2016-05-11 00:34:45,789 [Worker-7] INFO  o.e.m.c.i.embedder.EclipseLogger - Using 'UTF-8' encoding to copy filtered resources.
2016-05-11 00:34:45,790 [Worker-7] INFO  o.e.m.c.i.embedder.EclipseLogger - skip non existing resourceDirectory C:\Users\Admira\Desktop\NarudzbeSI\TelefonskeNarudzbe\src\test\resources
2016-05-11 00:35:31,542 [Worker-7] INFO  o.e.m.c.i.embedder.EclipseLogger - Using 'UTF-8' encoding to copy filtered resources.
2016-05-11 00:35:31,548 [Worker-7] INFO  o.e.m.c.i.embedder.EclipseLogger - Copying 8 resources
2016-05-11 00:35:31,555 [Worker-7] INFO  o.e.m.c.i.embedder.EclipseLogger - Using 'UTF-8' encoding to copy filtered resources.
2016-05-11 00:35:31,556 [Worker-7] INFO  o.e.m.c.i.embedder.EclipseLogger - skip non existing resourceDirectory C:\Users\Admira\Desktop\NarudzbeSI\TelefonskeNarudzbe\src\test\resources
2016-05-11 00:39:02,579 [Worker-30] INFO  o.e.m.c.i.embedder.EclipseLogger - Using 'UTF-8' encoding to copy filtered resources.
2016-05-11 00:39:02,590 [Worker-30] INFO  o.e.m.c.i.embedder.EclipseLogger - Copying 8 resources
2016-05-11 00:39:02,603 [Worker-30] INFO  o.e.m.c.i.embedder.EclipseLogger - Using 'UTF-8' encoding to copy filtered resources.
2016-05-11 00:39:02,604 [Worker-30] INFO  o.e.m.c.i.embedder.EclipseLogger - skip non existing resourceDirectory C:\Users\Admira\Desktop\NarudzbeSI\TelefonskeNarudzbe\src\test\resources
2016-05-11 00:46:22,355 [Worker-32] INFO  o.e.m.c.i.embedder.EclipseLogger - Using 'UTF-8' encoding to copy filtered resources.
2016-05-11 00:46:22,363 [Worker-32] INFO  o.e.m.c.i.embedder.EclipseLogger - Copying 8 resources
2016-05-11 00:46:22,370 [Worker-32] INFO  o.e.m.c.i.embedder.EclipseLogger - Using 'UTF-8' encoding to copy filtered resources.
2016-05-11 00:46:22,372 [Worker-32] INFO  o.e.m.c.i.embedder.EclipseLogger - skip non existing resourceDirectory C:\Users\Admira\Desktop\NarudzbeSI\TelefonskeNarudzbe\src\test\resources
2016-05-11 00:47:06,518 [Worker-32] INFO  o.e.m.c.i.embedder.EclipseLogger - Using 'UTF-8' encoding to copy filtered resources.
2016-05-11 00:47:06,528 [Worker-32] INFO  o.e.m.c.i.embedder.EclipseLogger - Copying 8 resources
2016-05-11 00:47:06,537 [Worker-32] INFO  o.e.m.c.i.embedder.EclipseLogger - Using 'UTF-8' encoding to copy filtered resources.
2016-05-11 00:47:06,538 [Worker-32] INFO  o.e.m.c.i.embedder.EclipseLogger - skip non existing resourceDirectory C:\Users\Admira\Desktop\NarudzbeSI\TelefonskeNarudzbe\src\test\resources
2016-05-11 00:47:59,534 [Worker-36] INFO  o.e.m.c.i.embedder.EclipseLogger - Using 'UTF-8' encoding to copy filtered resources.
2016-05-11 00:47:59,538 [Worker-36] INFO  o.e.m.c.i.embedder.EclipseLogger - Copying 8 resources
2016-05-11 00:47:59,545 [Worker-36] INFO  o.e.m.c.i.embedder.EclipseLogger - Using 'UTF-8' encoding to copy filtered resources.
2016-05-11 00:47:59,546 [Worker-36] INFO  o.e.m.c.i.embedder.EclipseLogger - skip non existing resourceDirectory C:\Users\Admira\Desktop\NarudzbeSI\TelefonskeNarudzbe\src\test\resources
2016-05-11 00:49:23,600 [Worker-30] INFO  o.e.m.c.i.embedder.EclipseLogger - Using 'UTF-8' encoding to copy filtered resources.
2016-05-11 00:49:23,611 [Worker-30] INFO  o.e.m.c.i.embedder.EclipseLogger - Copying 8 resources
2016-05-11 00:49:23,622 [Worker-30] INFO  o.e.m.c.i.embedder.EclipseLogger - Using 'UTF-8' encoding to copy filtered resources.
2016-05-11 00:49:23,623 [Worker-30] INFO  o.e.m.c.i.embedder.EclipseLogger - skip non existing resourceDirectory C:\Users\Admira\Desktop\NarudzbeSI\TelefonskeNarudzbe\src\test\resources
2016-05-11 00:50:49,142 [Worker-8] INFO  o.e.m.c.i.embedder.EclipseLogger - Using 'UTF-8' encoding to copy filtered resources.
2016-05-11 00:50:49,147 [Worker-8] INFO  o.e.m.c.i.embedder.EclipseLogger - Copying 8 resources
2016-05-11 00:50:49,153 [Worker-8] INFO  o.e.m.c.i.embedder.EclipseLogger - Using 'UTF-8' encoding to copy filtered resources.
2016-05-11 00:50:49,154 [Worker-8] INFO  o.e.m.c.i.embedder.EclipseLogger - skip non existing resourceDirectory C:\Users\Admira\Desktop\NarudzbeSI\TelefonskeNarudzbe\src\test\resources
2016-05-11 00:51:02,257 [Worker-38] INFO  o.e.m.c.i.embedder.EclipseLogger - Using 'UTF-8' encoding to copy filtered resources.
2016-05-11 00:51:02,290 [Worker-38] INFO  o.e.m.c.i.embedder.EclipseLogger - Copying 8 resources
2016-05-11 00:51:02,304 [Worker-38] INFO  o.e.m.c.i.embedder.EclipseLogger - Using 'UTF-8' encoding to copy filtered resources.
2016-05-11 00:51:02,305 [Worker-38] INFO  o.e.m.c.i.embedder.EclipseLogger - skip non existing resourceDirectory C:\Users\Admira\Desktop\NarudzbeSI\TelefonskeNarudzbe\src\test\resources
2016-05-11 00:51:23,593 [Worker-39] INFO  o.e.m.c.i.embedder.EclipseLogger - Using 'UTF-8' encoding to copy filtered resources.
2016-05-11 00:51:23,598 [Worker-39] INFO  o.e.m.c.i.embedder.EclipseLogger - Copying 8 resources
2016-05-11 00:51:23,604 [Worker-39] INFO  o.e.m.c.i.embedder.EclipseLogger - Using 'UTF-8' encoding to copy filtered resources.
2016-05-11 00:51:23,605 [Worker-39] INFO  o.e.m.c.i.embedder.EclipseLogger - skip non existing resourceDirectory C:\Users\Admira\Desktop\NarudzbeSI\TelefonskeNarudzbe\src\test\resources
2016-05-11 00:56:17,644 [Worker-38] INFO  o.e.m.c.i.embedder.EclipseLogger - Using 'UTF-8' encoding to copy filtered resources.
2016-05-11 00:56:17,666 [Worker-38] INFO  o.e.m.c.i.embedder.EclipseLogger - Copying 8 resources
2016-05-11 00:56:17,685 [Worker-38] INFO  o.e.m.c.i.embedder.EclipseLogger - Using 'UTF-8' encoding to copy filtered resources.
2016-05-11 00:56:17,686 [Worker-38] INFO  o.e.m.c.i.embedder.EclipseLogger - skip non existing resourceDirectory C:\Users\Admira\Desktop\NarudzbeSI\TelefonskeNarudzbe\src\test\resources
2016-05-11 00:57:22,142 [Worker-41] INFO  o.e.m.c.i.embedder.EclipseLogger - Using 'UTF-8' encoding to copy filtered resources.
2016-05-11 00:57:22,146 [Worker-41] INFO  o.e.m.c.i.embedder.EclipseLogger - Copying 8 resources
2016-05-11 00:57:22,152 [Worker-41] INFO  o.e.m.c.i.embedder.EclipseLogger - Using 'UTF-8' encoding to copy filtered resources.
2016-05-11 00:57:22,153 [Worker-41] INFO  o.e.m.c.i.embedder.EclipseLogger - skip non existing resourceDirectory C:\Users\Admira\Desktop\NarudzbeSI\TelefonskeNarudzbe\src\test\resources
2016-05-11 00:59:51,977 [Worker-30] INFO  o.e.m.c.i.embedder.EclipseLogger - Using 'UTF-8' encoding to copy filtered resources.
2016-05-11 00:59:51,988 [Worker-30] INFO  o.e.m.c.i.embedder.EclipseLogger - Copying 8 resources
2016-05-11 00:59:51,999 [Worker-30] INFO  o.e.m.c.i.embedder.EclipseLogger - Using 'UTF-8' encoding to copy filtered resources.
2016-05-11 00:59:52,000 [Worker-30] INFO  o.e.m.c.i.embedder.EclipseLogger - skip non existing resourceDirectory C:\Users\Admira\Desktop\NarudzbeSI\TelefonskeNarudzbe\src\test\resources
2016-05-11 01:06:39,711 [Worker-41] INFO  o.e.m.c.i.embedder.EclipseLogger - Using 'UTF-8' encoding to copy filtered resources.
2016-05-11 01:06:39,714 [Worker-41] INFO  o.e.m.c.i.embedder.EclipseLogger - Copying 8 resources
2016-05-11 01:06:39,719 [Worker-41] INFO  o.e.m.c.i.embedder.EclipseLogger - Using 'UTF-8' encoding to copy filtered resources.
2016-05-11 01:06:39,720 [Worker-41] INFO  o.e.m.c.i.embedder.EclipseLogger - skip non existing resourceDirectory C:\Users\Admira\Desktop\NarudzbeSI\TelefonskeNarudzbe\src\test\resources
2016-05-11 01:09:19,921 [Worker-41] INFO  o.e.m.c.i.embedder.EclipseLogger - Using 'UTF-8' encoding to copy filtered resources.
2016-05-11 01:09:19,936 [Worker-41] INFO  o.e.m.c.i.embedder.EclipseLogger - Copying 8 resources
2016-05-11 01:09:19,946 [Worker-41] INFO  o.e.m.c.i.embedder.EclipseLogger - Using 'UTF-8' encoding to copy filtered resources.
2016-05-11 01:09:19,946 [Worker-41] INFO  o.e.m.c.i.embedder.EclipseLogger - skip non existing resourceDirectory C:\Users\Admira\Desktop\NarudzbeSI\TelefonskeNarudzbe\src\test\resources
2016-05-11 01:16:42,479 [Worker-41] INFO  o.e.m.c.i.embedder.EclipseLogger - Using 'UTF-8' encoding to copy filtered resources.
2016-05-11 01:16:42,484 [Worker-41] INFO  o.e.m.c.i.embedder.EclipseLogger - Copying 8 resources
2016-05-11 01:16:42,490 [Worker-41] INFO  o.e.m.c.i.embedder.EclipseLogger - Using 'UTF-8' encoding to copy filtered resources.
2016-05-11 01:16:42,491 [Worker-41] INFO  o.e.m.c.i.embedder.EclipseLogger - skip non existing resourceDirectory C:\Users\Admira\Desktop\NarudzbeSI\TelefonskeNarudzbe\src\test\resources
2016-05-11 01:17:28,794 [Worker-46] INFO  o.e.m.c.i.embedder.EclipseLogger - Using 'UTF-8' encoding to copy filtered resources.
2016-05-11 01:17:28,802 [Worker-46] INFO  o.e.m.c.i.embedder.EclipseLogger - Copying 8 resources
2016-05-11 01:17:28,811 [Worker-46] INFO  o.e.m.c.i.embedder.EclipseLogger - Using 'UTF-8' encoding to copy filtered resources.
2016-05-11 01:17:28,812 [Worker-46] INFO  o.e.m.c.i.embedder.EclipseLogger - skip non existing resourceDirectory C:\Users\Admira\Desktop\NarudzbeSI\TelefonskeNarudzbe\src\test\resources
2016-05-11 01:18:10,073 [Worker-50] INFO  o.e.m.c.i.embedder.EclipseLogger - Using 'UTF-8' encoding to copy filtered resources.
2016-05-11 01:18:10,076 [Worker-50] INFO  o.e.m.c.i.embedder.EclipseLogger - Copying 8 resources
2016-05-11 01:18:10,081 [Worker-50] INFO  o.e.m.c.i.embedder.EclipseLogger - Using 'UTF-8' encoding to copy filtered resources.
2016-05-11 01:18:10,082 [Worker-50] INFO  o.e.m.c.i.embedder.EclipseLogger - skip non existing resourceDirectory C:\Users\Admira\Desktop\NarudzbeSI\TelefonskeNarudzbe\src\test\resources
2016-05-11 01:18:43,990 [Worker-51] INFO  o.e.m.c.i.embedder.EclipseLogger - Using 'UTF-8' encoding to copy filtered resources.
2016-05-11 01:18:44,003 [Worker-51] INFO  o.e.m.c.i.embedder.EclipseLogger - Copying 8 resources
2016-05-11 01:18:44,016 [Worker-51] INFO  o.e.m.c.i.embedder.EclipseLogger - Using 'UTF-8' encoding to copy filtered resources.
2016-05-11 01:18:44,017 [Worker-51] INFO  o.e.m.c.i.embedder.EclipseLogger - skip non existing resourceDirectory C:\Users\Admira\Desktop\NarudzbeSI\TelefonskeNarudzbe\src\test\resources
2016-05-11 01:19:37,272 [Worker-45] INFO  o.e.m.c.i.embedder.EclipseLogger - Using 'UTF-8' encoding to copy filtered resources.
2016-05-11 01:19:37,278 [Worker-45] INFO  o.e.m.c.i.embedder.EclipseLogger - Copying 8 resources
2016-05-11 01:19:37,284 [Worker-45] INFO  o.e.m.c.i.embedder.EclipseLogger - Using 'UTF-8' encoding to copy filtered resources.
2016-05-11 01:19:37,285 [Worker-45] INFO  o.e.m.c.i.embedder.EclipseLogger - skip non existing resourceDirectory C:\Users\Admira\Desktop\NarudzbeSI\TelefonskeNarudzbe\src\test\resources
2016-05-11 01:21:11,620 [Worker-45] INFO  o.e.m.c.i.embedder.EclipseLogger - Using 'UTF-8' encoding to copy filtered resources.
2016-05-11 01:21:11,631 [Worker-45] INFO  o.e.m.c.i.embedder.EclipseLogger - Copying 8 resources
2016-05-11 01:21:11,645 [Worker-45] INFO  o.e.m.c.i.embedder.EclipseLogger - Using 'UTF-8' encoding to copy filtered resources.
2016-05-11 01:21:11,646 [Worker-45] INFO  o.e.m.c.i.embedder.EclipseLogger - skip non existing resourceDirectory C:\Users\Admira\Desktop\NarudzbeSI\TelefonskeNarudzbe\src\test\resources
2016-05-11 01:21:30,458 [Worker-52] INFO  o.e.m.c.i.embedder.EclipseLogger - Using 'UTF-8' encoding to copy filtered resources.
2016-05-11 01:21:30,462 [Worker-52] INFO  o.e.m.c.i.embedder.EclipseLogger - Copying 8 resources
2016-05-11 01:21:30,466 [Worker-52] INFO  o.e.m.c.i.embedder.EclipseLogger - Using 'UTF-8' encoding to copy filtered resources.
2016-05-11 01:21:30,467 [Worker-52] INFO  o.e.m.c.i.embedder.EclipseLogger - skip non existing resourceDirectory C:\Users\Admira\Desktop\NarudzbeSI\TelefonskeNarudzbe\src\test\resources
2016-05-11 01:21:34,147 [Worker-54] INFO  o.e.m.c.i.embedder.EclipseLogger - Using 'UTF-8' encoding to copy filtered resources.
2016-05-11 01:21:34,158 [Worker-54] INFO  o.e.m.c.i.embedder.EclipseLogger - Copying 8 resources
2016-05-11 01:21:34,169 [Worker-54] INFO  o.e.m.c.i.embedder.EclipseLogger - Using 'UTF-8' encoding to copy filtered resources.
2016-05-11 01:21:34,170 [Worker-54] INFO  o.e.m.c.i.embedder.EclipseLogger - skip non existing resourceDirectory C:\Users\Admira\Desktop\NarudzbeSI\TelefonskeNarudzbe\src\test\resources
2016-05-11 01:22:15,497 [Worker-53] INFO  o.e.m.c.i.embedder.EclipseLogger - Using 'UTF-8' encoding to copy filtered resources.
2016-05-11 01:22:15,500 [Worker-53] INFO  o.e.m.c.i.embedder.EclipseLogger - Copying 8 resources
2016-05-11 01:22:15,504 [Worker-53] INFO  o.e.m.c.i.embedder.EclipseLogger - Using 'UTF-8' encoding to copy filtered resources.
2016-05-11 01:22:15,505 [Worker-53] INFO  o.e.m.c.i.embedder.EclipseLogger - skip non existing resourceDirectory C:\Users\Admira\Desktop\NarudzbeSI\TelefonskeNarudzbe\src\test\resources
2016-05-11 01:22:44,363 [Worker-49] INFO  o.e.m.c.i.embedder.EclipseLogger - Using 'UTF-8' encoding to copy filtered resources.
2016-05-11 01:22:44,371 [Worker-49] INFO  o.e.m.c.i.embedder.EclipseLogger - Copying 8 resources
2016-05-11 01:22:44,380 [Worker-49] INFO  o.e.m.c.i.embedder.EclipseLogger - Using 'UTF-8' encoding to copy filtered resources.
2016-05-11 01:22:44,381 [Worker-49] INFO  o.e.m.c.i.embedder.EclipseLogger - skip non existing resourceDirectory C:\Users\Admira\Desktop\NarudzbeSI\TelefonskeNarudzbe\src\test\resources
2016-05-11 01:23:29,238 [Worker-55] INFO  o.e.m.c.i.embedder.EclipseLogger - Using 'UTF-8' encoding to copy filtered resources.
2016-05-11 01:23:29,242 [Worker-55] INFO  o.e.m.c.i.embedder.EclipseLogger - Copying 8 resources
2016-05-11 01:23:29,246 [Worker-55] INFO  o.e.m.c.i.embedder.EclipseLogger - Using 'UTF-8' encoding to copy filtered resources.
2016-05-11 01:23:29,246 [Worker-55] INFO  o.e.m.c.i.embedder.EclipseLogger - skip non existing resourceDirectory C:\Users\Admira\Desktop\NarudzbeSI\TelefonskeNarudzbe\src\test\resources
2016-05-11 01:25:14,638 [Worker-53] INFO  o.e.m.c.i.embedder.EclipseLogger - Using 'UTF-8' encoding to copy filtered resources.
2016-05-11 01:25:14,647 [Worker-53] INFO  o.e.m.c.i.embedder.EclipseLogger - Copying 8 resources
2016-05-11 01:25:14,657 [Worker-53] INFO  o.e.m.c.i.embedder.EclipseLogger - Using 'UTF-8' encoding to copy filtered resources.
2016-05-11 01:25:14,658 [Worker-53] INFO  o.e.m.c.i.embedder.EclipseLogger - skip non existing resourceDirectory C:\Users\Admira\Desktop\NarudzbeSI\TelefonskeNarudzbe\src\test\resources
2016-05-11 01:30:35,879 [Worker-49] INFO  o.e.m.c.i.embedder.EclipseLogger - Using 'UTF-8' encoding to copy filtered resources.
2016-05-11 01:30:35,883 [Worker-49] INFO  o.e.m.c.i.embedder.EclipseLogger - Copying 8 resources
2016-05-11 01:30:35,887 [Worker-49] INFO  o.e.m.c.i.embedder.EclipseLogger - Using 'UTF-8' encoding to copy filtered resources.
2016-05-11 01:30:35,887 [Worker-49] INFO  o.e.m.c.i.embedder.EclipseLogger - skip non existing resourceDirectory C:\Users\Admira\Desktop\NarudzbeSI\TelefonskeNarudzbe\src\test\resources
2016-05-11 01:31:08,398 [Worker-60] INFO  o.e.m.c.i.embedder.EclipseLogger - Using 'UTF-8' encoding to copy filtered resources.
2016-05-11 01:31:08,416 [Worker-60] INFO  o.e.m.c.i.embedder.EclipseLogger - Copying 1 resource
2016-05-11 01:31:08,431 [Worker-60] INFO  o.e.m.c.i.embedder.EclipseLogger - Using 'UTF-8' encoding to copy filtered resources.
2016-05-11 01:31:08,432 [Worker-60] INFO  o.e.m.c.i.embedder.EclipseLogger - skip non existing resourceDirectory C:\Users\Admira\Desktop\NarudzbeSI\TelefonskeNarudzbe\src\test\resources
2016-05-11 01:31:17,067 [Worker-49] INFO  o.e.m.c.i.embedder.EclipseLogger - Using 'UTF-8' encoding to copy filtered resources.
2016-05-11 01:31:17,070 [Worker-49] INFO  o.e.m.c.i.embedder.EclipseLogger - Copying 8 resources
2016-05-11 01:31:17,075 [Worker-49] INFO  o.e.m.c.i.embedder.EclipseLogger - Using 'UTF-8' encoding to copy filtered resources.
2016-05-11 01:31:17,076 [Worker-49] INFO  o.e.m.c.i.embedder.EclipseLogger - skip non existing resourceDirectory C:\Users\Admira\Desktop\NarudzbeSI\TelefonskeNarudzbe\src\test\resources
2016-05-11 01:33:34,709 [Worker-67] INFO  o.e.m.c.i.embedder.EclipseLogger - Using 'UTF-8' encoding to copy filtered resources.
2016-05-11 01:33:34,719 [Worker-67] INFO  o.e.m.c.i.embedder.EclipseLogger - Copying 1 resource
2016-05-11 01:33:34,735 [Worker-67] INFO  o.e.m.c.i.embedder.EclipseLogger - Using 'UTF-8' encoding to copy filtered resources.
2016-05-11 01:33:34,736 [Worker-67] INFO  o.e.m.c.i.embedder.EclipseLogger - skip non existing resourceDirectory C:\Users\Admira\Desktop\NarudzbeSI\TelefonskeNarudzbe\src\test\resources
2016-05-11 01:33:42,856 [Worker-63] INFO  o.e.m.c.i.embedder.EclipseLogger - Using 'UTF-8' encoding to copy filtered resources.
2016-05-11 01:33:42,860 [Worker-63] INFO  o.e.m.c.i.embedder.EclipseLogger - Copying 8 resources
2016-05-11 01:33:42,865 [Worker-63] INFO  o.e.m.c.i.embedder.EclipseLogger - Using 'UTF-8' encoding to copy filtered resources.
2016-05-11 01:33:42,865 [Worker-63] INFO  o.e.m.c.i.embedder.EclipseLogger - skip non existing resourceDirectory C:\Users\Admira\Desktop\NarudzbeSI\TelefonskeNarudzbe\src\test\resources
2016-05-11 01:35:56,168 [Worker-69] INFO  o.e.m.c.i.embedder.EclipseLogger - Using 'UTF-8' encoding to copy filtered resources.
2016-05-11 01:35:56,180 [Worker-69] INFO  o.e.m.c.i.embedder.EclipseLogger - Copying 8 resources
2016-05-11 01:35:56,203 [Worker-69] INFO  o.e.m.c.i.embedder.EclipseLogger - Using 'UTF-8' encoding to copy filtered resources.
2016-05-11 01:35:56,204 [Worker-69] INFO  o.e.m.c.i.embedder.EclipseLogger - skip non existing resourceDirectory C:\Users\Admira\Desktop\NarudzbeSI\TelefonskeNarudzbe\src\test\resources
2016-05-11 01:36:28,793 [Worker-68] INFO  o.e.m.c.i.embedder.EclipseLogger - Using 'UTF-8' encoding to copy filtered resources.
2016-05-11 01:36:28,798 [Worker-68] INFO  o.e.m.c.i.embedder.EclipseLogger - Copying 8 resources
2016-05-11 01:36:28,803 [Worker-68] INFO  o.e.m.c.i.embedder.EclipseLogger - Using 'UTF-8' encoding to copy filtered resources.
2016-05-11 01:36:28,804 [Worker-68] INFO  o.e.m.c.i.embedder.EclipseLogger - skip non existing resourceDirectory C:\Users\Admira\Desktop\NarudzbeSI\TelefonskeNarudzbe\src\test\resources
2016-05-11 10:12:01,687 [Worker-18] INFO  c.g.t.t.d.PublishedGradleVersions - Gradle version information cache file is not out-of-date. No remote download required.
2016-05-11 10:12:06,633 [Worker-17] INFO  o.e.m.c.i.embedder.EclipseLogger - Using 'UTF-8' encoding to copy filtered resources.
2016-05-11 10:12:06,645 [Worker-17] INFO  o.e.m.c.i.embedder.EclipseLogger - Copying 8 resources
2016-05-11 10:12:06,661 [Worker-17] INFO  o.e.m.c.i.embedder.EclipseLogger - Using 'UTF-8' encoding to copy filtered resources.
2016-05-11 10:12:06,661 [Worker-17] INFO  o.e.m.c.i.embedder.EclipseLogger - skip non existing resourceDirectory C:\Users\Admira\Desktop\NarudzbeSI\TelefonskeNarudzbe\src\test\resources
2016-05-11 10:16:42,719 [Worker-21] INFO  o.e.m.c.i.embedder.EclipseLogger - Using 'UTF-8' encoding to copy filtered resources.
2016-05-11 10:16:42,733 [Worker-21] INFO  o.e.m.c.i.embedder.EclipseLogger - Copying 8 resources
2016-05-11 10:16:42,738 [Worker-21] INFO  o.e.m.c.i.embedder.EclipseLogger - Using 'UTF-8' encoding to copy filtered resources.
2016-05-11 10:16:42,738 [Worker-21] INFO  o.e.m.c.i.embedder.EclipseLogger - skip non existing resourceDirectory C:\Users\Admira\Desktop\NarudzbeSI\TelefonskeNarudzbe\src\test\resources
2016-05-11 10:18:08,458 [Worker-21] INFO  o.e.m.c.i.embedder.EclipseLogger - Using 'UTF-8' encoding to copy filtered resources.
2016-05-11 10:18:08,460 [Worker-21] INFO  o.e.m.c.i.embedder.EclipseLogger - Copying 8 resources
2016-05-11 10:18:08,465 [Worker-21] INFO  o.e.m.c.i.embedder.EclipseLogger - Using 'UTF-8' encoding to copy filtered resources.
2016-05-11 10:18:08,466 [Worker-21] INFO  o.e.m.c.i.embedder.EclipseLogger - skip non existing resourceDirectory C:\Users\Admira\Desktop\NarudzbeSI\TelefonskeNarudzbe\src\test\resources
2016-05-11 10:18:12,596 [Worker-19] INFO  o.e.m.c.i.embedder.EclipseLogger - Using 'UTF-8' encoding to copy filtered resources.
2016-05-11 10:18:12,598 [Worker-19] INFO  o.e.m.c.i.embedder.EclipseLogger - Copying 8 resources
2016-05-11 10:18:12,602 [Worker-19] INFO  o.e.m.c.i.embedder.EclipseLogger - Using 'UTF-8' encoding to copy filtered resources.
2016-05-11 10:18:12,609 [Worker-19] INFO  o.e.m.c.i.embedder.EclipseLogger - skip non existing resourceDirectory C:\Users\Admira\Desktop\NarudzbeSI\TelefonskeNarudzbe\src\test\resources
2016-05-11 10:20:47,936 [Worker-13] INFO  o.e.m.c.i.embedder.EclipseLogger - Using 'UTF-8' encoding to copy filtered resources.
2016-05-11 10:20:47,940 [Worker-13] INFO  o.e.m.c.i.embedder.EclipseLogger - Copying 8 resources
2016-05-11 10:20:47,944 [Worker-13] INFO  o.e.m.c.i.embedder.EclipseLogger - Using 'UTF-8' encoding to copy filtered resources.
2016-05-11 10:20:47,952 [Worker-13] INFO  o.e.m.c.i.embedder.EclipseLogger - skip non existing resourceDirectory C:\Users\Admira\Desktop\NarudzbeSI\TelefonskeNarudzbe\src\test\resources
2016-05-11 10:20:53,152 [Worker-22] INFO  o.e.m.c.i.embedder.EclipseLogger - Using 'UTF-8' encoding to copy filtered resources.
2016-05-11 10:20:53,160 [Worker-22] INFO  o.e.m.c.i.embedder.EclipseLogger - Copying 8 resources
2016-05-11 10:20:53,168 [Worker-22] INFO  o.e.m.c.i.embedder.EclipseLogger - Using 'UTF-8' encoding to copy filtered resources.
2016-05-11 10:20:53,172 [Worker-22] INFO  o.e.m.c.i.embedder.EclipseLogger - skip non existing resourceDirectory C:\Users\Admira\Desktop\NarudzbeSI\TelefonskeNarudzbe\src\test\resources
2016-05-11 10:29:28,327 [Worker-13] INFO  o.e.m.c.i.embedder.EclipseLogger - Using 'UTF-8' encoding to copy filtered resources.
2016-05-11 10:29:28,331 [Worker-13] INFO  o.e.m.c.i.embedder.EclipseLogger - Copying 8 resources
2016-05-11 10:29:28,335 [Worker-13] INFO  o.e.m.c.i.embedder.EclipseLogger - Using 'UTF-8' encoding to copy filtered resources.
2016-05-11 10:29:28,339 [Worker-13] INFO  o.e.m.c.i.embedder.EclipseLogger - skip non existing resourceDirectory C:\Users\Admira\Desktop\NarudzbeSI\TelefonskeNarudzbe\src\test\resources
2016-05-11 10:35:05,490 [Worker-13] INFO  o.e.m.c.i.embedder.EclipseLogger - Using 'UTF-8' encoding to copy filtered resources.
2016-05-11 10:35:05,502 [Worker-13] INFO  o.e.m.c.i.embedder.EclipseLogger - Copying 8 resources
2016-05-11 10:35:05,518 [Worker-13] INFO  o.e.m.c.i.embedder.EclipseLogger - Using 'UTF-8' encoding to copy filtered resources.
2016-05-11 10:35:05,526 [Worker-13] INFO  o.e.m.c.i.embedder.EclipseLogger - skip non existing resourceDirectory C:\Users\Admira\Desktop\NarudzbeSI\TelefonskeNarudzbe\src\test\resources
2016-05-11 10:35:08,767 [Worker-13] INFO  o.e.m.c.i.embedder.EclipseLogger - Using 'UTF-8' encoding to copy filtered resources.
2016-05-11 10:35:08,771 [Worker-13] INFO  o.e.m.c.i.embedder.EclipseLogger - Copying 8 resources
2016-05-11 10:35:08,775 [Worker-13] INFO  o.e.m.c.i.embedder.EclipseLogger - Using 'UTF-8' encoding to copy filtered resources.
2016-05-11 10:35:08,791 [Worker-13] INFO  o.e.m.c.i.embedder.EclipseLogger - skip non existing resourceDirectory C:\Users\Admira\Desktop\NarudzbeSI\TelefonskeNarudzbe\src\test\resources
2016-05-11 10:35:29,998 [Worker-24] INFO  o.e.m.c.i.embedder.EclipseLogger - Using 'UTF-8' encoding to copy filtered resources.
2016-05-11 10:35:30,010 [Worker-24] INFO  o.e.m.c.i.embedder.EclipseLogger - Copying 8 resources
2016-05-11 10:35:30,026 [Worker-24] INFO  o.e.m.c.i.embedder.EclipseLogger - Using 'UTF-8' encoding to copy filtered resources.
2016-05-11 10:35:30,030 [Worker-24] INFO  o.e.m.c.i.embedder.EclipseLogger - skip non existing resourceDirectory C:\Users\Admira\Desktop\NarudzbeSI\TelefonskeNarudzbe\src\test\resources
